Performing C SOURCE FILE Test CMAKE_HAVE_LIBC_PTHREAD failed with the following output:
Change Dir: /home/origovi/projectes/new_workspace/src/perception/algorithms/urimits/build/CMakeFiles/CMakeTmp

Run Build Command(s):/usr/bin/make cmTC_35fac/fast && /usr/bin/make -f CMakeFiles/cmTC_35fac.dir/build.make CMakeFiles/cmTC_35fac.dir/build
make[1]: se entra en el directorio '/home/origovi/projectes/new_workspace/src/perception/algorithms/urimits/build/CMakeFiles/CMakeTmp'
Building C object CMakeFiles/cmTC_35fac.dir/src.c.o
/usr/bin/c89-gcc   -DCMAKE_HAVE_LIBC_PTHREAD   -o CMakeFiles/cmTC_35fac.dir/src.c.o   -c /home/origovi/projectes/new_workspace/src/perception/algorithms/urimits/build/CMakeFiles/CMakeTmp/src.c
Linking C executable cmTC_35fac
/usr/bin/cmake -E cmake_link_script CMakeFiles/cmTC_35fac.dir/link.txt --verbose=1
/usr/bin/c89-gcc  -DCMAKE_HAVE_LIBC_PTHREAD    -rdynamic CMakeFiles/cmTC_35fac.dir/src.c.o  -o cmTC_35fac 
/usr/bin/ld: CMakeFiles/cmTC_35fac.dir/src.c.o: en la función `main':
src.c:(.text+0x46): referencia a `pthread_create' sin definir
/usr/bin/ld: src.c:(.text+0x52): referencia a `pthread_detach' sin definir
/usr/bin/ld: src.c:(.text+0x63): referencia a `pthread_join' sin definir
collect2: error: ld returned 1 exit status
make[1]: *** [CMakeFiles/cmTC_35fac.dir/build.make:87: cmTC_35fac] Error 1
make[1]: se sale del directorio '/home/origovi/projectes/new_workspace/src/perception/algorithms/urimits/build/CMakeFiles/CMakeTmp'
make: *** [Makefile:121: cmTC_35fac/fast] Error 2


Source file was:
#include <pthread.h>

void* test_func(void* data)
{
  return data;
}

int main(void)
{
  pthread_t thread;
  pthread_create(&thread, NULL, test_func, NULL);
  pthread_detach(thread);
  pthread_join(thread, NULL);
  pthread_atfork(NULL, NULL, NULL);
  pthread_exit(NULL);

  return 0;
}

Determining if the function pthread_create exists in the pthreads failed with the following output:
Change Dir: /home/origovi/projectes/new_workspace/src/perception/algorithms/urimits/build/CMakeFiles/CMakeTmp

Run Build Command(s):/usr/bin/make cmTC_5ba97/fast && /usr/bin/make -f CMakeFiles/cmTC_5ba97.dir/build.make CMakeFiles/cmTC_5ba97.dir/build
make[1]: se entra en el directorio '/home/origovi/projectes/new_workspace/src/perception/algorithms/urimits/build/CMakeFiles/CMakeTmp'
Building C object CMakeFiles/cmTC_5ba97.dir/CheckFunctionExists.c.o
/usr/bin/c89-gcc   -DCHECK_FUNCTION_EXISTS=pthread_create   -o CMakeFiles/cmTC_5ba97.dir/CheckFunctionExists.c.o   -c /usr/share/cmake-3.16/Modules/CheckFunctionExists.c
Linking C executable cmTC_5ba97
/usr/bin/cmake -E cmake_link_script CMakeFiles/cmTC_5ba97.dir/link.txt --verbose=1
/usr/bin/c89-gcc  -DCHECK_FUNCTION_EXISTS=pthread_create    -rdynamic CMakeFiles/cmTC_5ba97.dir/CheckFunctionExists.c.o  -o cmTC_5ba97  -lpthreads 
/usr/bin/ld: no se puede encontrar -lpthreads
collect2: error: ld returned 1 exit status
make[1]: *** [CMakeFiles/cmTC_5ba97.dir/build.make:87: cmTC_5ba97] Error 1
make[1]: se sale del directorio '/home/origovi/projectes/new_workspace/src/perception/algorithms/urimits/build/CMakeFiles/CMakeTmp'
make: *** [Makefile:121: cmTC_5ba97/fast] Error 2



